Error processing ./aws_workspaces_directory_8.yaml
Error processing ./aws_dynamodb_metric_account_provisioned_read_capacity_util_1.yaml
Error processing ./aws_route53_health_check_5.yaml
Error processing ./aws_wafv2_ip_set_3.yaml
Error processing ./aws_iam_service_specific_credential_2.yaml
Error processing ./aws_securityhub_hub_3.yaml
Error processing ./aws_ecr_repository_2.yaml
Error processing ./aws_glacier_vault_2.yaml
Error processing ./aws_athena_query_execution_3.yaml
Error processing ./aws_wellarchitected_workload_4.yaml
Error processing ./aws_ebs_volume_metric_write_ops_daily_2.yaml
Error processing ./aws_elasticache_redis_metric_engine_cpu_utilization_hourly_2.yaml
Error processing ./aws_securitylake_subscriber_4.yaml
Error processing ./17-azure_insight_compute_disk_unattached.yaml
Error processing ./aws_cloudwatch_log_event_5.yaml
Error processing ./aws_ebs_volume_metric_read_ops_1.yaml
Error processing ./aws_eks_addon_3.yaml
Error processing ./aws_vpc_flow_log_event_4.yaml
Error processing ./aws_iot_thing_group_3.yaml
Error processing ./aws_ec2_instance_type_2.yaml
Error processing ./aws_msk_cluster_2.yaml
Error processing ./aws_cloudtrail_import_5.yaml
Error processing ./aws_vpc_peering_connection_8.yaml
Error processing ./aws_resource_explorer_search_6.yaml
Error processing ./aws_availability_zone_2.yaml
Error processing ./aws_guardduty_publishing_destination_1.yaml
Error processing ./aws_inspector2_coverage_3.yaml
Error processing ./aws_kms_alias_3.yaml
Error processing ./aws_wellarchitected_share_invitation_6.yaml
Error processing ./aws_iam_server_certificate_1.yaml
Error processing ./aws_accessanalyzer_analyzer_2.yaml
Error processing ./aws_emr_block_public_access_configuration_1.yaml
Error processing ./aws_tagging_resource_1.yaml
Error processing ./aws_s3_object_8.yaml
Error processing ./aws_elasticache_redis_metric_get_type_cmds_hourly_2.yaml
Error processing ./aws_securitylake_data_lake_4.yaml
